\BOOKMARK [1][-]{section.1}{\376\377\000H\000i\000s\000t\000o\000r\000y\000\040\000a\000n\000d\000\040\000W\000h\000y\000\040\000M\000a\000t\000h\000e\000m\000a\000t\000i\000c\000s\000\040\000C\000a\000m\000e\000\040\000I\000n}{}% 1
\BOOKMARK [2][-]{subsection.1.1}{\376\377\000D\000e\000f\000i\000n\000i\000t\000i\000o\000n\000\040\000o\000f\000\040\000C\000r\000y\000p\000t\000o\000g\000r\000a\000p\000h\000y}{section.1}% 2
\BOOKMARK [2][-]{subsection.1.2}{\376\377\000T\000e\000r\000m\000i\000n\000o\000l\000o\000g\000y}{section.1}% 3
\BOOKMARK [2][-]{subsection.1.3}{\376\377\000C\000l\000a\000s\000s\000i\000c\000a\000l\000\040\000C\000r\000y\000p\000t\000o\000g\000r\000a\000p\000h\000y}{section.1}% 4
\BOOKMARK [2][-]{subsection.1.4}{\376\377\000E\000x\000a\000m\000p\000l\000e\000\040\000o\000f\000\040\000D\000e\000c\000r\000y\000p\000t\000i\000o\000n}{section.1}% 5
\BOOKMARK [2][-]{subsection.1.5}{\376\377\000M\000o\000n\000o\000a\000l\000p\000h\000a\000b\000e\000t\000i\000c\000\040\000S\000u\000b\000s\000t\000i\000t\000u\000t\000i\000o\000n\000\040\000C\000i\000p\000h\000e\000r\000s}{section.1}% 6
\BOOKMARK [2][-]{subsection.1.6}{\376\377\000T\000h\000e\000\040\000F\000i\000r\000s\000t\000\040\000K\000n\000o\000w\000n\000\040\000C\000r\000y\000p\000t\000a\000n\000a\000l\000y\000s\000t\000:\000\040\000A\000l\000-\000K\000i\000n\000d\000i}{section.1}% 7
\BOOKMARK [2][-]{subsection.1.7}{\376\377\000F\000r\000e\000q\000u\000e\000n\000c\000y\000\040\000A\000n\000a\000l\000y\000s\000i\000s\000\040\000i\000n\000\040\000E\000n\000g\000l\000i\000s\000h\000\040\000T\000e\000x\000t\000s}{section.1}% 8
\BOOKMARK [2][-]{subsection.1.8}{\376\377\000D\000e\000c\000r\000y\000p\000t\000i\000n\000g\000\040\000U\000s\000i\000n\000g\000\040\000F\000r\000e\000q\000u\000e\000n\000c\000y\000\040\000A\000n\000a\000l\000y\000s\000i\000s}{section.1}% 9
\BOOKMARK [2][-]{subsection.1.9}{\376\377\000E\000x\000a\000m\000p\000l\000e\000:\000\040\000D\000e\000c\000r\000y\000p\000t\000i\000n\000g\000\040\000a\000\040\000L\000o\000n\000g\000\040\000C\000i\000p\000h\000e\000r\000t\000e\000x\000t}{section.1}% 10
\BOOKMARK [2][-]{subsection.1.10}{\376\377\000U\000n\000i\000t\000\040\0002\000\040\040\024\000\040\000M\000o\000d\000e\000r\000n\000\040\000C\000r\000y\000p\000t\000o\000g\000r\000a\000p\000h\000y\000:\000\040\000P\000o\000l\000y\000a\000l\000p\000h\000a\000b\000e\000t\000i\000c\000\040\000C\000i\000p\000h\000e\000r\000s}{section.1}% 11
\BOOKMARK [3][-]{subsubsection.1.10.1}{\376\377\000I\000n\000t\000r\000o\000d\000u\000c\000t\000i\000o\000n\000\040\000t\000o\000\040\000P\000o\000l\000y\000a\000l\000p\000h\000a\000b\000e\000t\000i\000c\000\040\000C\000i\000p\000h\000e\000r\000s}{subsection.1.10}% 12
\BOOKMARK [3][-]{subsubsection.1.10.2}{\376\377\000B\000r\000e\000a\000k\000i\000n\000g\000\040\000t\000h\000e\000\040\000V\000i\000g\000e\000n\000\350\000r\000e\000\040\000C\000i\000p\000h\000e\000r}{subsection.1.10}% 13
\BOOKMARK [3][-]{subsubsection.1.10.3}{\376\377\000F\000r\000e\000q\000u\000e\000n\000c\000y\000\040\000A\000n\000a\000l\000y\000s\000i\000s\000\040\000p\000e\000r\000\040\000K\000e\000y\000\040\000P\000o\000s\000i\000t\000i\000o\000n}{subsection.1.10}% 14
\BOOKMARK [3][-]{subsubsection.1.10.4}{\376\377\000R\000e\000v\000e\000a\000l\000i\000n\000g\000\040\000t\000h\000e\000\040\000P\000l\000a\000i\000n\000t\000e\000x\000t}{subsection.1.10}% 15
\BOOKMARK [2][-]{subsection.1.11}{\376\377\000H\000i\000s\000t\000o\000r\000i\000c\000a\000l\000\040\000C\000o\000n\000t\000e\000x\000t\000:\000\040\000C\000o\000d\000e\000b\000r\000e\000a\000k\000e\000r\000s\000\040\000a\000n\000d\000\040\000t\000h\000e\000\040\000E\000v\000o\000l\000u\000t\000i\000o\000n\000\040\000o\000f\000\040\000C\000r\000y\000p\000t\000o\000g\000r\000a\000p\000h\000y}{section.1}% 16
\BOOKMARK [1][-]{section.2}{\376\377\000C\000i\000p\000h\000e\000r\000\040\000M\000a\000c\000h\000i\000n\000e\000s}{}% 17
\BOOKMARK [2][-]{subsection.2.1}{\376\377\000T\000h\000e\000\040\000R\000i\000s\000e\000\040\000o\000f\000\040\000C\000r\000y\000p\000t\000o\000g\000r\000a\000p\000h\000i\000c\000\040\000M\000a\000c\000h\000i\000n\000e\000s\000\040\000\050\0001\0009\0002\0000\040\023\0001\0009\0007\0000\000\051}{section.2}% 18
\BOOKMARK [2][-]{subsection.2.2}{\376\377\000T\000h\000e\000\040\000E\000n\000i\000g\000m\000a\000\040\000M\000a\000c\000h\000i\000n\000e}{section.2}% 19
\BOOKMARK [2][-]{subsection.2.3}{\376\377\000T\000h\000e\000\040\000R\000o\000t\000o\000r\000s\000\040\000M\000e\000c\000h\000a\000n\000i\000s\000m}{section.2}% 20
\BOOKMARK [2][-]{subsection.2.4}{\376\377\000T\000h\000e\000\040\000R\000e\000f\000l\000e\000c\000t\000o\000r\000\040\000a\000n\000d\000\040\000t\000h\000e\000\040\000P\000l\000u\000g\000b\000o\000a\000r\000d}{section.2}% 21
\BOOKMARK [2][-]{subsection.2.5}{\376\377\000C\000o\000n\000f\000i\000g\000u\000r\000a\000t\000i\000o\000n\000\040\000S\000p\000a\000c\000e\000\040\000o\000f\000\040\000E\000n\000i\000g\000m\000a}{section.2}% 22
\BOOKMARK [2][-]{subsection.2.6}{\376\377\000C\000r\000a\000c\000k\000i\000n\000g\000\040\000E\000n\000i\000g\000m\000a\000\040\040\024\000\040\000T\000h\000e\000\040\000P\000o\000l\000i\000s\000h\000\040\000B\000r\000e\000a\000k\000t\000h\000r\000o\000u\000g\000h}{section.2}% 23
\BOOKMARK [2][-]{subsection.2.7}{\376\377\000T\000u\000r\000i\000n\000g\000\040\000a\000n\000d\000\040\000t\000h\000e\000\040\000B\000r\000i\000t\000i\000s\000h\000\040\000B\000o\000m\000b\000e}{section.2}% 24
\BOOKMARK [2][-]{subsection.2.8}{\376\377\000T\000h\000e\000\040\000L\000o\000r\000e\000n\000z\000\040\000C\000i\000p\000h\000e\000r\000\040\000a\000n\000d\000\040\000t\000h\000e\000\040\000B\000i\000r\000t\000h\000\040\000o\000f\000\040\000t\000h\000e\000\040\000C\000o\000m\000p\000u\000t\000e\000r}{section.2}% 25
\BOOKMARK [1][-]{section.3}{\376\377\000M\000o\000d\000e\000r\000n\000\040\000C\000r\000y\000p\000t\000o\000g\000r\000a\000p\000h\000y\000\040\000\050\0001\0009\0007\0000\040\023\000\040\000\051}{}% 26
\BOOKMARK [2][-]{subsection.3.1}{\376\377\000F\000r\000o\000m\000\040\000M\000e\000c\000h\000a\000n\000i\000c\000a\000l\000\040\000t\000o\000\040\000D\000i\000g\000i\000t\000a\000l\000\040\000C\000r\000y\000p\000t\000o\000g\000r\000a\000p\000h\000y}{section.3}% 27
\BOOKMARK [2][-]{subsection.3.2}{\376\377\000L\000u\000c\000i\000f\000e\000r\000\040\000a\000n\000d\000\040\000t\000h\000e\000\040\000B\000i\000r\000t\000h\000\040\000o\000f\000\040\000D\000E\000S}{section.3}% 28
\BOOKMARK [2][-]{subsection.3.3}{\376\377\000T\000h\000e\000\040\000P\000r\000o\000b\000l\000e\000m\000\040\000o\000f\000\040\000P\000r\000i\000v\000a\000t\000e\000\040\000K\000e\000y\000s}{section.3}% 29
\BOOKMARK [2][-]{subsection.3.4}{\376\377\000T\000h\000e\000\040\000I\000d\000e\000a\000\040\000o\000f\000\040\000P\000u\000b\000l\000i\000c\000\040\000K\000e\000y\000s}{section.3}% 30
\BOOKMARK [2][-]{subsection.3.5}{\376\377\000T\000w\000o\000\040\000K\000e\000y\000s\000:\000\040\000O\000n\000e\000\040\000P\000r\000i\000v\000a\000t\000e\000,\000\040\000O\000n\000e\000\040\000P\000u\000b\000l\000i\000c}{section.3}% 31
\BOOKMARK [2][-]{subsection.3.6}{\376\377\000T\000h\000e\000\040\000D\000i\000f\000f\000i\000e\040\023\000H\000e\000l\000l\000m\000a\000n\000\040\000K\000e\000y\000\040\000E\000x\000c\000h\000a\000n\000g\000e}{section.3}% 32
\BOOKMARK [2][-]{subsection.3.7}{\376\377\000T\000h\000e\000\040\000D\000i\000g\000i\000t\000a\000l\000\040\000S\000i\000g\000n\000a\000t\000u\000r\000e\000\040\000P\000r\000o\000b\000l\000e\000m}{section.3}% 33
\BOOKMARK [2][-]{subsection.3.8}{\376\377\000T\000h\000e\000\040\000R\000S\000A\000\040\000C\000r\000y\000p\000t\000o\000s\000y\000s\000t\000e\000m}{section.3}% 34
\BOOKMARK [2][-]{subsection.3.9}{\376\377\000C\000o\000n\000c\000l\000u\000s\000i\000o\000n}{section.3}% 35
\BOOKMARK [1][-]{section.4}{\376\377\000D\000i\000v\000i\000s\000i\000o\000n\000s}{}% 36
\BOOKMARK [2][-]{subsection.4.1}{\376\377\000D\000i\000v\000i\000s\000i\000b\000i\000l\000i\000t\000y}{section.4}% 37
\BOOKMARK [3][-]{subsubsection.4.1.1}{\376\377\000E\000v\000e\000n\000\040\000a\000n\000d\000\040\000O\000d\000d\000\040\000N\000u\000m\000b\000e\000r\000s}{subsection.4.1}% 38
\BOOKMARK [2][-]{subsection.4.2}{\376\377\000E\000u\000c\000l\000i\000d\000e\000a\000n\000\040\000D\000i\000v\000i\000s\000i\000o\000n}{section.4}% 39
\BOOKMARK [2][-]{subsection.4.3}{\376\377\000E\000u\000c\000l\000i\000d\000e\000a\000n\000\040\000D\000i\000v\000i\000s\000i\000o\000n\000\040\000i\000n\000\040\000P\000r\000a\000c\000t\000i\000c\000e}{section.4}% 40
\BOOKMARK [2][-]{subsection.4.4}{\376\377\000B\000i\000n\000a\000r\000y\000\040\000R\000e\000p\000r\000e\000s\000e\000n\000t\000a\000t\000i\000o\000n}{section.4}% 41
\BOOKMARK [2][-]{subsection.4.5}{\376\377\000B\000i\000n\000a\000r\000y\000\040\000R\000e\000p\000r\000e\000s\000e\000n\000t\000a\000t\000i\000o\000n\000\040\000a\000n\000d\000\040\000E\000u\000c\000l\000i\000d\000e\000a\000n\000\040\000D\000i\000v\000i\000s\000i\000o\000n}{section.4}% 42
\BOOKMARK [2][-]{subsection.4.6}{\376\377\000E\000x\000a\000m\000p\000l\000e}{section.4}% 43
\BOOKMARK [1][-]{section.5}{\376\377\000G\000r\000e\000a\000t\000e\000s\000t\000\040\000C\000o\000m\000m\000o\000n\000\040\000D\000i\000v\000i\000s\000o\000r\000\040\000\050\000G\000C\000D\000\051}{}% 44
\BOOKMARK [2][-]{subsection.5.1}{\376\377\000D\000e\000f\000i\000n\000i\000t\000i\000o\000n}{section.5}% 45
\BOOKMARK [2][-]{subsection.5.2}{\376\377\000T\000h\000e\000\040\000E\000u\000c\000l\000i\000d\000e\000a\000n\000\040\000A\000l\000g\000o\000r\000i\000t\000h\000m}{section.5}% 46
\BOOKMARK [1][-]{section.6}{\376\377\000T\000h\000e\000\040\000E\000x\000t\000e\000n\000d\000e\000d\000\040\000E\000u\000c\000l\000i\000d\000e\000a\000n\000\040\000A\000l\000g\000o\000r\000i\000t\000h\000m}{}% 47
